<?xml version="1.0" encoding="UTF-8"?>
<testsuite xmlns:xsi="http://www.w3.org/2001/XMLSchema-instance" xsi:noNamespaceSchemaLocation="https://maven.apache.org/surefire/maven-surefire-plugin/xsd/surefire-test-report-3.0.xsd" version="3.0" name="ma.projet.grpc.GrpcDemoApplicationTests" time="9.208" tests="1" errors="0" skipped="0" failures="0">
  <properties>
[...]
</properties>
  <testcase name="contextLoads" classname="ma.projet.grpc.GrpcDemoApplicationTests" time="0.8">
    <system-out><![CDATA[22:35:17.785 [main] INFO org.springframework.test.context.support.AnnotationConfigContextLoaderUtils -- Could not detect default configuration classes for test class [ma.projet.grpc.GrpcDemoApplicationTests]: GrpcDemoApplicationTests does not declare any static, non-private, non-final, nested classes annotated with @Configuration.
22:35:17.948 [main] INFO org.springframework.boot.test.context.SpringBootTestContextBootstrapper -- Found @SpringBootConfiguration ma.projet.grpc.GrpcApplication for test class ma.projet.grpc.GrpcDemoApplicationTests

  .   ____          _            __ _ _
 /\\ / ___'_ __ _ _(_)_ __  __ _ \ \ \ \
( ( )\___ | '_ | '_| | '_ \/ _` | \ \ \ \
 \\/  ___)| |_)| | | | | || (_| |  ) ) ) )
  '  |____| .__|_| |_|_| |_\__, | / / / /
 =========|_|==============|___/=/_/_/_/
 :: Spring Boot ::                (v3.2.0)

2026-01-05T22:35:18.781+01:00  INFO 14912 --- [           main] m.projet.grpc.GrpcDemoApplicationTests   : Starting GrpcDemoApplicationTests using Java 22.0.2 with PID 14912 (started by ghbou in C:\Users\ghbou\OneDrive\Desktop\S9-25-26\Architecture des composants d'entreprises\TP18)
2026-01-05T22:35:18.783+01:00  INFO 14912 --- [           main] m.projet.grpc.GrpcDemoApplicationTests   : No active profile set, falling back to 1 default profile: "default"
2026-01-05T22:35:20.146+01:00  INFO 14912 --- [           main] .s.d.r.c.RepositoryConfigurationDelegate : Bootstrapping Spring Data JPA repositories in DEFAULT mode.
2026-01-05T22:35:20.256+01:00  INFO 14912 --- [           main] .s.d.r.c.RepositoryConfigurationDelegate : Finished Spring Data repository scanning in 101 ms. Found 1 JPA repository interface.
2026-01-05T22:35:21.043+01:00  INFO 14912 --- [           main] com.zaxxer.hikari.HikariDataSource       : HikariPool-1 - Starting...
2026-01-05T22:35:21.386+01:00  INFO 14912 --- [           main] com.zaxxer.hikari.pool.HikariPool        : HikariPool-1 - Added connection conn0: url=jdbc:h2:mem:testdb user=SA
2026-01-05T22:35:21.388+01:00  INFO 14912 --- [           main] com.zaxxer.hikari.HikariDataSource       : HikariPool-1 - Start completed.
2026-01-05T22:35:21.477+01:00  INFO 14912 --- [           main] o.hibernate.jpa.internal.util.LogHelper  : HHH000204: Processing PersistenceUnitInfo [name: default]
2026-01-05T22:35:21.596+01:00  INFO 14912 --- [           main] org.hibernate.Version                    : HHH000412: Hibernate ORM core version 6.3.1.Final
2026-01-05T22:35:21.690+01:00  INFO 14912 --- [           main] o.h.c.internal.RegionFactoryInitiator    : HHH000026: Second-level cache disabled
2026-01-05T22:35:22.135+01:00  INFO 14912 --- [           main] o.s.o.j.p.SpringPersistenceUnitInfo      : No LoadTimeWeaver setup: ignoring JPA class transformer
2026-01-05T22:35:22.240+01:00  WARN 14912 --- [           main] org.hibernate.orm.deprecation            : HHH90000025: H2Dialect does not need to be specified explicitly using 'hibernate.dialect' (remove the property setting and it will be selected by default)
2026-01-05T22:35:23.306+01:00  INFO 14912 --- [           main] o.h.e.t.j.p.i.JtaPlatformInitiator       : HHH000489: No JTA platform available (set 'hibernate.transaction.jta.platform' to enable JTA platform integration)
2026-01-05T22:35:23.347+01:00  INFO 14912 --- [           main] j.LocalContainerEntityManagerFactoryBean : Initialized JPA EntityManagerFactory for persistence unit 'default'
2026-01-05T22:35:24.106+01:00  WARN 14912 --- [           main] JpaBaseConfiguration$JpaWebConfiguration : spring.jpa.open-in-view is enabled by default. Therefore, database queries may be performed during view rendering. Explicitly configure spring.jpa.open-in-view to disable this warning
2026-01-05T22:35:24.839+01:00  INFO 14912 --- [           main] g.s.a.GrpcServerFactoryAutoConfiguration : Detected grpc-netty-shaded: Creating ShadedNettyGrpcServerFactory
2026-01-05T22:35:25.189+01:00  INFO 14912 --- [           main] o.s.b.a.h2.H2ConsoleAutoConfiguration    : H2 console available at '/h2-console'. Database available at 'jdbc:h2:mem:testdb'
2026-01-05T22:35:25.506+01:00  INFO 14912 --- [           main] n.d.b.g.s.s.AbstractGrpcServerFactory    : Registered gRPC service: CompteService, bean: compteServiceImpl, class: ma.projet.grpc.controllers.CompteServiceImpl
2026-01-05T22:35:25.510+01:00  INFO 14912 --- [           main] n.d.b.g.s.s.AbstractGrpcServerFactory    : Registered gRPC service: grpc.health.v1.Health, bean: grpcHealthService, class: io.grpc.protobuf.services.HealthServiceImpl
2026-01-05T22:35:25.510+01:00  INFO 14912 --- [           main] n.d.b.g.s.s.AbstractGrpcServerFactory    : Registered gRPC service: grpc.reflection.v1alpha.ServerReflection, bean: protoReflectionService, class: io.grpc.protobuf.services.ProtoReflectionService
2026-01-05T22:35:25.779+01:00  INFO 14912 --- [           main] n.d.b.g.s.s.GrpcServerLifecycle          : gRPC Server started, listening on address: *, port: 9090
2026-01-05T22:35:25.793+01:00  INFO 14912 --- [           main] m.projet.grpc.GrpcDemoApplicationTests   : Started GrpcDemoApplicationTests in 7.615 seconds (process running for 9.257)
]]></system-out>
    <system-err><![CDATA[WARNING: A Java agent has been loaded dynamically (C:\Users\ghbou\.m2\repository\net\bytebuddy\byte-buddy-agent\1.14.10\byte-buddy-agent-1.14.10.jar)
WARNING: If a serviceability tool is in use, please run with -XX:+EnableDynamicAgentLoading to hide this warning
WARNING: If a serviceability tool is not in use, please run with -Djdk.instrument.traceUsage for more information
WARNING: Dynamic loading of agents will be disallowed by default in a future release
]]></system-err>
  </testcase>
</testsuite>